<?xml version="1.0" encoding="UTF-8"?>
<coverage generated="1742228342236" clover="3.2.0">
  <project timestamp="1742228342236" name="All files">
    <metrics statements="108" coveredstatements="103" conditionals="18" coveredconditionals="16" methods="19" coveredmethods="15" elements="145" coveredelements="134" complexity="0" loc="108" ncloc="108" packages="7" files="8" classes="8"/>
    <package name="src">
      <metrics statements="16" coveredstatements="11" conditionals="4" coveredconditionals="2" methods="4" coveredmethods="0"/>
      <file name="main.js" path="/home/francisco/Escritorio/TP0IS2/src/main.js">
        <metrics statements="16" coveredstatements="11" conditionals="4" coveredconditionals="2" methods="4" coveredmethods="0"/>
        <line num="1" count="1" type="stmt"/>
        <line num="2" count="1" type="stmt"/>
        <line num="3" count="1" type="stmt"/>
        <line num="4" count="1" type="stmt"/>
        <line num="6" count="1" type="stmt"/>
        <line num="7" count="1" type="cond" truecount="1" falsecount="1"/>
        <line num="9" count="1" type="stmt"/>
        <line num="10" count="1" type="stmt"/>
        <line num="12" count="1" type="stmt"/>
        <line num="13" count="0" type="stmt"/>
        <line num="18" count="1" type="cond" truecount="1" falsecount="1"/>
        <line num="19" count="0" type="stmt"/>
        <line num="22" count="0" type="stmt"/>
        <line num="23" count="0" type="stmt"/>
        <line num="25" count="0" type="stmt"/>
        <line num="28" count="1" type="stmt"/>
      </file>
    </package>
    <package name="src.controllers">
      <metrics statements="51" coveredstatements="51" conditionals="10" coveredconditionals="10" methods="5" coveredmethods="5"/>
      <file name="courseController.js" path="/home/francisco/Escritorio/TP0IS2/src/controllers/courseController.js">
        <metrics statements="51" coveredstatements="51" conditionals="10" coveredconditionals="10" methods="5" coveredmethods="5"/>
        <line num="1" count="2" type="stmt"/>
        <line num="2" count="2" type="stmt"/>
        <line num="3" count="2" type="stmt"/>
        <line num="5" count="2" type="stmt"/>
        <line num="6" count="4" type="stmt"/>
        <line num="7" count="4" type="stmt"/>
        <line num="9" count="4" type="stmt"/>
        <line num="11" count="2" type="stmt"/>
        <line num="13" count="2" type="stmt"/>
        <line num="21" count="2" type="stmt"/>
        <line num="22" count="2" type="stmt"/>
        <line num="28" count="2" type="stmt"/>
        <line num="29" count="4" type="stmt"/>
        <line num="30" count="4" type="stmt"/>
        <line num="32" count="3" type="cond" truecount="2" falsecount="0"/>
        <line num="33" count="1" type="stmt"/>
        <line num="34" count="1" type="stmt"/>
        <line num="37" count="2" type="stmt"/>
        <line num="38" count="2" type="stmt"/>
        <line num="39" count="3" type="stmt"/>
        <line num="46" count="1" type="stmt"/>
        <line num="47" count="1" type="stmt"/>
        <line num="51" count="2" type="stmt"/>
        <line num="52" count="6" type="stmt"/>
        <line num="53" count="6" type="stmt"/>
        <line num="56" count="6" type="cond" truecount="2" falsecount="0"/>
        <line num="57" count="1" type="stmt"/>
        <line num="58" count="1" type="stmt"/>
        <line num="61" count="5" type="stmt"/>
        <line num="63" count="4" type="cond" truecount="2" falsecount="0"/>
        <line num="64" count="2" type="stmt"/>
        <line num="65" count="2" type="stmt"/>
        <line num="68" count="2" type="stmt"/>
        <line num="69" count="2" type="stmt"/>
        <line num="77" count="1" type="stmt"/>
        <line num="78" count="1" type="stmt"/>
        <line num="82" count="2" type="stmt"/>
        <line num="83" count="6" type="stmt"/>
        <line num="84" count="6" type="stmt"/>
        <line num="86" count="6" type="cond" truecount="2" falsecount="0"/>
        <line num="87" count="1" type="stmt"/>
        <line num="88" count="1" type="stmt"/>
        <line num="92" count="5" type="stmt"/>
        <line num="94" count="4" type="cond" truecount="2" falsecount="0"/>
        <line num="96" count="2" type="stmt"/>
        <line num="97" count="2" type="stmt"/>
        <line num="100" count="2" type="stmt"/>
        <line num="101" count="2" type="stmt"/>
        <line num="105" count="1" type="stmt"/>
        <line num="106" count="1" type="stmt"/>
        <line num="110" count="2" type="stmt"/>
      </file>
    </package>
    <package name="src.models">
      <metrics statements="3" coveredstatements="3" conditionals="0" coveredconditionals="0" methods="0" coveredmethods="0"/>
      <file name="courses.js" path="/home/francisco/Escritorio/TP0IS2/src/models/courses.js">
        <metrics statements="3" coveredstatements="3" conditionals="0" coveredconditionals="0" methods="0" coveredmethods="0"/>
        <line num="1" count="4" type="stmt"/>
        <line num="2" count="4" type="stmt"/>
        <line num="14" count="4" type="stmt"/>
      </file>
    </package>
    <package name="src.repositories">
      <metrics statements="12" coveredstatements="12" conditionals="0" coveredconditionals="0" methods="4" coveredmethods="4"/>
      <file name="courseRepository.js" path="/home/francisco/Escritorio/TP0IS2/src/repositories/courseRepository.js">
        <metrics statements="12" coveredstatements="12" conditionals="0" coveredconditionals="0" methods="4" coveredmethods="4"/>
        <line num="1" count="4" type="stmt"/>
        <line num="3" count="4" type="stmt"/>
        <line num="4" count="2" type="stmt"/>
        <line num="5" count="2" type="stmt"/>
        <line num="8" count="4" type="stmt"/>
        <line num="9" count="2" type="stmt"/>
        <line num="12" count="4" type="stmt"/>
        <line num="13" count="3" type="stmt"/>
        <line num="16" count="4" type="stmt"/>
        <line num="17" count="3" type="stmt"/>
        <line num="18" count="3" type="stmt"/>
        <line num="21" count="4" type="stmt"/>
      </file>
    </package>
    <package name="src.routes">
      <metrics statements="8" coveredstatements="8" conditionals="0" coveredconditionals="0" methods="0" coveredmethods="0"/>
      <file name="courseRoutes.js" path="/home/francisco/Escritorio/TP0IS2/src/routes/courseRoutes.js">
        <metrics statements="8" coveredstatements="8" conditionals="0" coveredconditionals="0" methods="0" coveredmethods="0"/>
        <line num="1" count="1" type="stmt"/>
        <line num="2" count="1" type="stmt"/>
        <line num="3" count="1" type="stmt"/>
        <line num="5" count="1" type="stmt"/>
        <line num="6" count="1" type="stmt"/>
        <line num="7" count="1" type="stmt"/>
        <line num="8" count="1" type="stmt"/>
        <line num="10" count="1" type="stmt"/>
      </file>
    </package>
    <package name="src.services">
      <metrics statements="12" coveredstatements="12" conditionals="4" coveredconditionals="4" methods="4" coveredmethods="4"/>
      <file name="courseService.js" path="/home/francisco/Escritorio/TP0IS2/src/services/courseService.js">
        <metrics statements="12" coveredstatements="12" conditionals="4" coveredconditionals="4" methods="4" coveredmethods="4"/>
        <line num="1" count="3" type="stmt"/>
        <line num="3" count="3" type="stmt"/>
        <line num="4" count="3" type="cond" truecount="4" falsecount="0"/>
        <line num="5" count="1" type="stmt"/>
        <line num="7" count="2" type="stmt"/>
        <line num="10" count="3" type="stmt"/>
        <line num="11" count="2" type="stmt"/>
        <line num="14" count="3" type="stmt"/>
        <line num="15" count="3" type="stmt"/>
        <line num="18" count="3" type="stmt"/>
        <line num="19" count="3" type="stmt"/>
        <line num="22" count="3" type="stmt"/>
      </file>
    </package>
    <package name="src.utils">
      <metrics statements="6" coveredstatements="6" conditionals="0" coveredconditionals="0" methods="2" coveredmethods="2"/>
      <file name="errorResponse.js" path="/home/francisco/Escritorio/TP0IS2/src/utils/errorResponse.js">
        <metrics statements="2" coveredstatements="2" conditionals="0" coveredconditionals="0" methods="1" coveredmethods="1"/>
        <line num="1" count="6" type="stmt"/>
        <line num="9" count="3" type="stmt"/>
      </file>
      <file name="logger.js" path="/home/francisco/Escritorio/TP0IS2/src/utils/logger.js">
        <metrics statements="4" coveredstatements="4" conditionals="0" coveredconditionals="0" methods="1" coveredmethods="1"/>
        <line num="1" count="3" type="stmt"/>
        <line num="4" count="3" type="stmt"/>
        <line num="9" count="9" type="stmt"/>
        <line num="17" count="3" type="stmt"/>
      </file>
    </package>
  </project>
</coverage>
