{"/home/francisco/Escritorio/TP0IS2/src/controllers/courseController.js": {"path":"/home/francisco/Escritorio/TP0IS2/src/controllers/courseController.js","statementMap":{"0":{"start":{"line":1,"column":22},"end":{"line":1,"column":58}},"1":{"start":{"line":2,"column":28},"end":{"line":2,"column":61}},"2":{"start":{"line":3,"column":15},"end":{"line":3,"column":41}},"3":{"start":{"line":5,"column":21},"end":{"line":26,"column":1}},"4":{"start":{"line":6,"column":2},"end":{"line":25,"column":3}},"5":{"start":{"line":7,"column":35},"end":{"line":7,"column":43}},"6":{"start":{"line":9,"column":19},"end":{"line":9,"column":75}},"7":{"start":{"line":11,"column":4},"end":{"line":11,"column":66}},"8":{"start":{"line":13,"column":4},"end":{"line":19,"column":7}},"9":{"start":{"line":21,"column":4},"end":{"line":21,"column":30}},"10":{"start":{"line":22,"column":4},"end":{"line":24,"column":6}},"11":{"start":{"line":28,"column":19},"end":{"line":49,"column":1}},"12":{"start":{"line":29,"column":2},"end":{"line":48,"column":3}},"13":{"start":{"line":30,"column":20},"end":{"line":30,"column":55}},"14":{"start":{"line":32,"column":4},"end":{"line":35,"column":5}},"15":{"start":{"line":33,"column":6},"end":{"line":33,"column":43}},"16":{"start":{"line":34,"column":6},"end":{"line":34,"column":116}},"17":{"start":{"line":37,"column":4},"end":{"line":37,"column":54}},"18":{"start":{"line":38,"column":4},"end":{"line":44,"column":7}},"19":{"start":{"line":39,"column":37},"end":{"line":43,"column":7}},"20":{"start":{"line":46,"column":4},"end":{"line":46,"column":30}},"21":{"start":{"line":47,"column":4},"end":{"line":47,"column":151}},"22":{"start":{"line":51,"column":22},"end":{"line":80,"column":1}},"23":{"start":{"line":52,"column":2},"end":{"line":79,"column":3}},"24":{"start":{"line":53,"column":19},"end":{"line":53,"column":29}},"25":{"start":{"line":56,"column":4},"end":{"line":59,"column":5}},"26":{"start":{"line":57,"column":6},"end":{"line":57,"column":40}},"27":{"start":{"line":58,"column":6},"end":{"line":58,"column":108}},"28":{"start":{"line":61,"column":19},"end":{"line":61,"column":56}},"29":{"start":{"line":63,"column":4},"end":{"line":66,"column":5}},"30":{"start":{"line":64,"column":6},"end":{"line":64,"column":50}},"31":{"start":{"line":65,"column":6},"end":{"line":65,"column":141}},"32":{"start":{"line":68,"column":4},"end":{"line":68,"column":43}},"33":{"start":{"line":69,"column":4},"end":{"line":75,"column":7}},"34":{"start":{"line":77,"column":4},"end":{"line":77,"column":30}},"35":{"start":{"line":78,"column":4},"end":{"line":78,"column":151}},"36":{"start":{"line":82,"column":21},"end":{"line":108,"column":1}},"37":{"start":{"line":83,"column":2},"end":{"line":107,"column":3}},"38":{"start":{"line":84,"column":19},"end":{"line":84,"column":29}},"39":{"start":{"line":86,"column":4},"end":{"line":89,"column":5}},"40":{"start":{"line":87,"column":6},"end":{"line":87,"column":40}},"41":{"start":{"line":88,"column":6},"end":{"line":88,"column":108}},"42":{"start":{"line":92,"column":26},"end":{"line":92,"column":66}},"43":{"start":{"line":94,"column":4},"end":{"line":98,"column":5}},"44":{"start":{"line":96,"column":6},"end":{"line":96,"column":50}},"45":{"start":{"line":97,"column":6},"end":{"line":97,"column":141}},"46":{"start":{"line":100,"column":4},"end":{"line":100,"column":45}},"47":{"start":{"line":101,"column":4},"end":{"line":101,"column":29}},"48":{"start":{"line":105,"column":4},"end":{"line":105,"column":30}},"49":{"start":{"line":106,"column":4},"end":{"line":106,"column":151}},"50":{"start":{"line":110,"column":0},"end":{"line":110,"column":75}}},"fnMap":{"0":{"name":"(anonymous_0)","decl":{"start":{"line":5,"column":21},"end":{"line":5,"column":22}},"loc":{"start":{"line":5,"column":41},"end":{"line":26,"column":1}},"line":5},"1":{"name":"(anonymous_1)","decl":{"start":{"line":28,"column":19},"end":{"line":28,"column":20}},"loc":{"start":{"line":28,"column":39},"end":{"line":49,"column":1}},"line":28},"2":{"name":"(anonymous_2)","decl":{"start":{"line":39,"column":24},"end":{"line":39,"column":25}},"loc":{"start":{"line":39,"column":37},"end":{"line":43,"column":7}},"line":39},"3":{"name":"(anonymous_3)","decl":{"start":{"line":51,"column":22},"end":{"line":51,"column":23}},"loc":{"start":{"line":51,"column":42},"end":{"line":80,"column":1}},"line":51},"4":{"name":"(anonymous_4)","decl":{"start":{"line":82,"column":21},"end":{"line":82,"column":22}},"loc":{"start":{"line":82,"column":41},"end":{"line":108,"column":1}},"line":82}},"branchMap":{"0":{"loc":{"start":{"line":32,"column":4},"end":{"line":35,"column":5}},"type":"if","locations":[{"start":{"line":32,"column":4},"end":{"line":35,"column":5}},{"start":{},"end":{}}],"line":32},"1":{"loc":{"start":{"line":56,"column":4},"end":{"line":59,"column":5}},"type":"if","locations":[{"start":{"line":56,"column":4},"end":{"line":59,"column":5}},{"start":{},"end":{}}],"line":56},"2":{"loc":{"start":{"line":63,"column":4},"end":{"line":66,"column":5}},"type":"if","locations":[{"start":{"line":63,"column":4},"end":{"line":66,"column":5}},{"start":{},"end":{}}],"line":63},"3":{"loc":{"start":{"line":86,"column":4},"end":{"line":89,"column":5}},"type":"if","locations":[{"start":{"line":86,"column":4},"end":{"line":89,"column":5}},{"start":{},"end":{}}],"line":86},"4":{"loc":{"start":{"line":94,"column":4},"end":{"line":98,"column":5}},"type":"if","locations":[{"start":{"line":94,"column":4},"end":{"line":98,"column":5}},{"start":{},"end":{}}],"line":94}},"s":{"0":1,"1":1,"2":1,"3":1,"4":2,"5":2,"6":2,"7":1,"8":1,"9":1,"10":1,"11":1,"12":3,"13":3,"14":2,"15":1,"16":1,"17":1,"18":1,"19":2,"20":1,"21":1,"22":1,"23":3,"24":3,"25":3,"26":0,"27":0,"28":3,"29":2,"30":1,"31":1,"32":1,"33":1,"34":1,"35":1,"36":1,"37":3,"38":3,"39":3,"40":0,"41":0,"42":3,"43":2,"44":1,"45":1,"46":1,"47":1,"48":1,"49":1,"50":1},"f":{"0":2,"1":3,"2":2,"3":3,"4":3},"b":{"0":[1,1],"1":[0,3],"2":[1,1],"3":[0,3],"4":[1,1]},"_coverageSchema":"1a1c01bbd47fc00a2c39e90264f33305004495a9","hash":"b7baab638c3429a53cc77fb830de0ee15777d69c"}
,"/home/francisco/Escritorio/TP0IS2/src/models/courses.js": {"path":"/home/francisco/Escritorio/TP0IS2/src/models/courses.js","statementMap":{"0":{"start":{"line":1,"column":17},"end":{"line":1,"column":36}},"1":{"start":{"line":2,"column":22},"end":{"line":12,"column":2}},"2":{"start":{"line":14,"column":0},"end":{"line":14,"column":58}}},"fnMap":{},"branchMap":{},"s":{"0":3,"1":3,"2":3},"f":{},"b":{},"_coverageSchema":"1a1c01bbd47fc00a2c39e90264f33305004495a9","hash":"95c3ec1e834ff4ae55d49345f3225cd125355b97"}
,"/home/francisco/Escritorio/TP0IS2/src/repositories/courseRepository.js": {"path":"/home/francisco/Escritorio/TP0IS2/src/repositories/courseRepository.js","statementMap":{"0":{"start":{"line":1,"column":15},"end":{"line":1,"column":43}},"1":{"start":{"line":3,"column":21},"end":{"line":6,"column":1}},"2":{"start":{"line":4,"column":17},"end":{"line":4,"column":39}},"3":{"start":{"line":5,"column":2},"end":{"line":5,"column":29}},"4":{"start":{"line":8,"column":22},"end":{"line":10,"column":1}},"5":{"start":{"line":9,"column":2},"end":{"line":9,"column":29}},"6":{"start":{"line":12,"column":22},"end":{"line":14,"column":1}},"7":{"start":{"line":13,"column":2},"end":{"line":13,"column":35}},"8":{"start":{"line":16,"column":25},"end":{"line":19,"column":1}},"9":{"start":{"line":17,"column":17},"end":{"line":17,"column":52}},"10":{"start":{"line":18,"column":2},"end":{"line":18,"column":33}},"11":{"start":{"line":21,"column":0},"end":{"line":21,"column":82}}},"fnMap":{"0":{"name":"(anonymous_0)","decl":{"start":{"line":3,"column":21},"end":{"line":3,"column":22}},"loc":{"start":{"line":3,"column":43},"end":{"line":6,"column":1}},"line":3},"1":{"name":"(anonymous_1)","decl":{"start":{"line":8,"column":22},"end":{"line":8,"column":23}},"loc":{"start":{"line":8,"column":34},"end":{"line":10,"column":1}},"line":8},"2":{"name":"(anonymous_2)","decl":{"start":{"line":12,"column":22},"end":{"line":12,"column":23}},"loc":{"start":{"line":12,"column":36},"end":{"line":14,"column":1}},"line":12},"3":{"name":"(anonymous_3)","decl":{"start":{"line":16,"column":25},"end":{"line":16,"column":26}},"loc":{"start":{"line":16,"column":39},"end":{"line":19,"column":1}},"line":16}},"branchMap":{},"s":{"0":3,"1":3,"2":1,"3":1,"4":3,"5":1,"6":3,"7":1,"8":3,"9":1,"10":1,"11":3},"f":{"0":1,"1":1,"2":1,"3":1},"b":{},"_coverageSchema":"1a1c01bbd47fc00a2c39e90264f33305004495a9","hash":"a8672d5220ed913cbfd2a71d2ccf524b7197090b"}
,"/home/francisco/Escritorio/TP0IS2/src/services/courseService.js": {"path":"/home/francisco/Escritorio/TP0IS2/src/services/courseService.js","statementMap":{"0":{"start":{"line":1,"column":25},"end":{"line":1,"column":68}},"1":{"start":{"line":3,"column":21},"end":{"line":8,"column":1}},"2":{"start":{"line":4,"column":2},"end":{"line":6,"column":3}},"3":{"start":{"line":5,"column":4},"end":{"line":5,"column":58}},"4":{"start":{"line":7,"column":2},"end":{"line":7,"column":69}},"5":{"start":{"line":10,"column":22},"end":{"line":12,"column":1}},"6":{"start":{"line":11,"column":2},"end":{"line":11,"column":48}},"7":{"start":{"line":14,"column":22},"end":{"line":16,"column":1}},"8":{"start":{"line":15,"column":2},"end":{"line":15,"column":50}},"9":{"start":{"line":18,"column":25},"end":{"line":20,"column":1}},"10":{"start":{"line":19,"column":2},"end":{"line":19,"column":53}},"11":{"start":{"line":22,"column":0},"end":{"line":22,"column":82}}},"fnMap":{"0":{"name":"(anonymous_0)","decl":{"start":{"line":3,"column":21},"end":{"line":3,"column":22}},"loc":{"start":{"line":3,"column":55},"end":{"line":8,"column":1}},"line":3},"1":{"name":"(anonymous_1)","decl":{"start":{"line":10,"column":22},"end":{"line":10,"column":23}},"loc":{"start":{"line":10,"column":34},"end":{"line":12,"column":1}},"line":10},"2":{"name":"(anonymous_2)","decl":{"start":{"line":14,"column":22},"end":{"line":14,"column":23}},"loc":{"start":{"line":14,"column":36},"end":{"line":16,"column":1}},"line":14},"3":{"name":"(anonymous_3)","decl":{"start":{"line":18,"column":25},"end":{"line":18,"column":26}},"loc":{"start":{"line":18,"column":39},"end":{"line":20,"column":1}},"line":18}},"branchMap":{"0":{"loc":{"start":{"line":4,"column":2},"end":{"line":6,"column":3}},"type":"if","locations":[{"start":{"line":4,"column":2},"end":{"line":6,"column":3}},{"start":{},"end":{}}],"line":4},"1":{"loc":{"start":{"line":4,"column":6},"end":{"line":4,"column":28}},"type":"binary-expr","locations":[{"start":{"line":4,"column":6},"end":{"line":4,"column":12}},{"start":{"line":4,"column":16},"end":{"line":4,"column":28}}],"line":4}},"s":{"0":2,"1":2,"2":1,"3":0,"4":1,"5":2,"6":1,"7":2,"8":1,"9":2,"10":1,"11":2},"f":{"0":1,"1":1,"2":1,"3":1},"b":{"0":[0,1],"1":[1,1]},"_coverageSchema":"1a1c01bbd47fc00a2c39e90264f33305004495a9","hash":"bc5fbdddabcd38ab347bd71bb409e196cc5f6345"}
,"/home/francisco/Escritorio/TP0IS2/src/utils/errorResponse.js": {"path":"/home/francisco/Escritorio/TP0IS2/src/utils/errorResponse.js","statementMap":{"0":{"start":{"line":1,"column":28},"end":{"line":7,"column":2}},"1":{"start":{"line":1,"column":66},"end":{"line":7,"column":1}},"2":{"start":{"line":9,"column":0},"end":{"line":9,"column":37}}},"fnMap":{"0":{"name":"(anonymous_0)","decl":{"start":{"line":1,"column":28},"end":{"line":1,"column":29}},"loc":{"start":{"line":1,"column":66},"end":{"line":7,"column":1}},"line":1}},"branchMap":{},"s":{"0":2,"1":1,"2":2},"f":{"0":1},"b":{},"_coverageSchema":"1a1c01bbd47fc00a2c39e90264f33305004495a9","hash":"ef98c9aad1c362e7aec5319db4652deb8cb21bc9"}
,"/home/francisco/Escritorio/TP0IS2/src/utils/logger.js": {"path":"/home/francisco/Escritorio/TP0IS2/src/utils/logger.js","statementMap":{"0":{"start":{"line":1,"column":16},"end":{"line":1,"column":34}},"1":{"start":{"line":4,"column":15},"end":{"line":15,"column":2}},"2":{"start":{"line":9,"column":6},"end":{"line":9,"column":49}},"3":{"start":{"line":17,"column":0},"end":{"line":17,"column":24}}},"fnMap":{"0":{"name":"(anonymous_0)","decl":{"start":{"line":8,"column":26},"end":{"line":8,"column":27}},"loc":{"start":{"line":8,"column":61},"end":{"line":10,"column":5}},"line":8}},"branchMap":{},"s":{"0":2,"1":2,"2":0,"3":2},"f":{"0":0},"b":{},"_coverageSchema":"1a1c01bbd47fc00a2c39e90264f33305004495a9","hash":"6965922b9eb61bd4982cf0614af3b7f3100d84bf"}
}
