TN:
SF:src/main.js
FN:6,(anonymous_0)
FN:7,(anonymous_1)
FN:11,(anonymous_2)
FNF:3
FNH:2
FNDA:1,(anonymous_0)
FNDA:1,(anonymous_1)
FNDA:0,(anonymous_2)
DA:1,1
DA:2,1
DA:5,1
DA:7,1
DA:8,1
DA:12,0
DA:13,0
DA:16,1
LF:8
LH:6
BRDA:7,0,0,1
BRDA:7,0,1,0
BRDA:8,1,0,1
BRDA:8,1,1,0
BRF:4
BRH:2
end_of_record
TN:
SF:src/config/DBConnected.js
FN:8,(anonymous_0)
FNF:1
FNH:1
FNDA:2,(anonymous_0)
DA:1,1
DA:2,1
DA:4,1
DA:6,1
DA:8,1
DA:9,2
DA:10,2
DA:11,2
DA:13,0
DA:14,0
DA:18,1
LF:11
LH:9
BRF:0
BRH:0
end_of_record
TN:
SF:src/config/server.js
FN:12,(anonymous_0)
FNF:1
FNH:0
FNDA:0,(anonymous_0)
DA:1,1
DA:2,1
DA:4,1
DA:7,1
DA:10,1
DA:12,1
DA:13,0
DA:17,1
LF:8
LH:7
BRF:0
BRH:0
end_of_record
TN:
SF:src/controllers/courseController.js
FN:5,(anonymous_0)
FN:28,(anonymous_1)
FN:39,(anonymous_2)
FN:51,(anonymous_3)
FN:82,(anonymous_4)
FNF:5
FNH:5
FNDA:4,(anonymous_0)
FNDA:4,(anonymous_1)
FNDA:3,(anonymous_2)
FNDA:6,(anonymous_3)
FNDA:6,(anonymous_4)
DA:1,2
DA:2,2
DA:3,2
DA:5,2
DA:6,4
DA:7,4
DA:9,4
DA:11,2
DA:13,2
DA:21,2
DA:22,2
DA:28,2
DA:29,4
DA:30,4
DA:32,3
DA:33,1
DA:34,1
DA:37,2
DA:38,2
DA:39,3
DA:46,1
DA:47,1
DA:51,2
DA:52,6
DA:53,6
DA:56,6
DA:57,1
DA:58,1
DA:61,5
DA:63,4
DA:64,2
DA:65,2
DA:68,2
DA:69,2
DA:77,1
DA:78,1
DA:82,2
DA:83,6
DA:84,6
DA:86,6
DA:87,1
DA:88,1
DA:92,5
DA:94,4
DA:96,2
DA:97,2
DA:100,2
DA:101,2
DA:105,1
DA:106,1
DA:110,2
LF:51
LH:51
BRDA:32,0,0,1
BRDA:32,0,1,2
BRDA:56,1,0,1
BRDA:56,1,1,5
BRDA:63,2,0,2
BRDA:63,2,1,2
BRDA:86,3,0,1
BRDA:86,3,1,5
BRDA:94,4,0,2
BRDA:94,4,1,2
BRF:10
BRH:10
end_of_record
TN:
SF:src/models/courses.js
FNF:0
FNH:0
DA:1,4
DA:2,4
DA:14,4
LF:3
LH:3
BRF:0
BRH:0
end_of_record
TN:
SF:src/repositories/courseRepository.js
FN:3,(anonymous_0)
FN:8,(anonymous_1)
FN:12,(anonymous_2)
FN:16,(anonymous_3)
FNF:4
FNH:4
FNDA:2,(anonymous_0)
FNDA:2,(anonymous_1)
FNDA:3,(anonymous_2)
FNDA:3,(anonymous_3)
DA:1,4
DA:3,4
DA:4,2
DA:5,2
DA:8,4
DA:9,2
DA:12,4
DA:13,3
DA:16,4
DA:17,3
DA:18,3
DA:21,4
LF:12
LH:12
BRF:0
BRH:0
end_of_record
TN:
SF:src/routes/courseRoutes.js
FNF:0
FNH:0
DA:1,1
DA:2,1
DA:3,1
DA:5,1
DA:6,1
DA:7,1
DA:8,1
DA:10,1
LF:8
LH:8
BRF:0
BRH:0
end_of_record
TN:
SF:src/services/courseService.js
FN:3,(anonymous_0)
FN:10,(anonymous_1)
FN:14,(anonymous_2)
FN:18,(anonymous_3)
FNF:4
FNH:4
FNDA:3,(anonymous_0)
FNDA:2,(anonymous_1)
FNDA:3,(anonymous_2)
FNDA:3,(anonymous_3)
DA:1,3
DA:3,3
DA:4,3
DA:5,1
DA:7,2
DA:10,3
DA:11,2
DA:14,3
DA:15,3
DA:18,3
DA:19,3
DA:22,3
LF:12
LH:12
BRDA:4,0,0,1
BRDA:4,0,1,2
BRDA:4,1,0,3
BRDA:4,1,1,2
BRF:4
BRH:4
end_of_record
TN:
SF:src/utils/errorResponse.js
FN:1,(anonymous_0)
FNF:1
FNH:1
FNDA:6,(anonymous_0)
DA:1,6
DA:9,3
LF:2
LH:2
BRF:0
BRH:0
end_of_record
TN:
SF:src/utils/logger.js
FN:8,(anonymous_0)
FNF:1
FNH:1
FNDA:9,(anonymous_0)
DA:1,3
DA:4,3
DA:9,9
DA:17,3
LF:4
LH:4
BRF:0
BRH:0
end_of_record
