TN:
SF:src/controllers/courseController.js
FN:5,(anonymous_0)
FN:28,(anonymous_1)
FN:39,(anonymous_2)
FN:51,(anonymous_3)
FN:82,(anonymous_4)
FNF:5
FNH:5
FNDA:2,(anonymous_0)
FNDA:3,(anonymous_1)
FNDA:2,(anonymous_2)
FNDA:3,(anonymous_3)
FNDA:3,(anonymous_4)
DA:1,1
DA:2,1
DA:3,1
DA:5,1
DA:6,2
DA:7,2
DA:9,2
DA:11,1
DA:13,1
DA:21,1
DA:22,1
DA:28,1
DA:29,3
DA:30,3
DA:32,2
DA:33,1
DA:34,1
DA:37,1
DA:38,1
DA:39,2
DA:46,1
DA:47,1
DA:51,1
DA:52,3
DA:53,3
DA:56,3
DA:57,0
DA:58,0
DA:61,3
DA:63,2
DA:64,1
DA:65,1
DA:68,1
DA:69,1
DA:77,1
DA:78,1
DA:82,1
DA:83,3
DA:84,3
DA:86,3
DA:87,0
DA:88,0
DA:92,3
DA:94,2
DA:96,1
DA:97,1
DA:100,1
DA:101,1
DA:105,1
DA:106,1
DA:110,1
LF:51
LH:47
BRDA:32,0,0,1
BRDA:32,0,1,1
BRDA:56,1,0,0
BRDA:56,1,1,3
BRDA:63,2,0,1
BRDA:63,2,1,1
BRDA:86,3,0,0
BRDA:86,3,1,3
BRDA:94,4,0,1
BRDA:94,4,1,1
BRF:10
BRH:8
end_of_record
TN:
SF:src/models/courses.js
FNF:0
FNH:0
DA:1,3
DA:2,3
DA:14,3
LF:3
LH:3
BRF:0
BRH:0
end_of_record
TN:
SF:src/repositories/courseRepository.js
FN:3,(anonymous_0)
FN:8,(anonymous_1)
FN:12,(anonymous_2)
FN:16,(anonymous_3)
FNF:4
FNH:4
FNDA:1,(anonymous_0)
FNDA:1,(anonymous_1)
FNDA:1,(anonymous_2)
FNDA:1,(anonymous_3)
DA:1,3
DA:3,3
DA:4,1
DA:5,1
DA:8,3
DA:9,1
DA:12,3
DA:13,1
DA:16,3
DA:17,1
DA:18,1
DA:21,3
LF:12
LH:12
BRF:0
BRH:0
end_of_record
TN:
SF:src/services/courseService.js
FN:3,(anonymous_0)
FN:10,(anonymous_1)
FN:14,(anonymous_2)
FN:18,(anonymous_3)
FNF:4
FNH:4
FNDA:1,(anonymous_0)
FNDA:1,(anonymous_1)
FNDA:1,(anonymous_2)
FNDA:1,(anonymous_3)
DA:1,2
DA:3,2
DA:4,1
DA:5,0
DA:7,1
DA:10,2
DA:11,1
DA:14,2
DA:15,1
DA:18,2
DA:19,1
DA:22,2
LF:12
LH:11
BRDA:4,0,0,0
BRDA:4,0,1,1
BRDA:4,1,0,1
BRDA:4,1,1,1
BRF:4
BRH:3
end_of_record
TN:
SF:src/utils/errorResponse.js
FN:1,(anonymous_0)
FNF:1
FNH:1
FNDA:1,(anonymous_0)
DA:1,2
DA:9,2
LF:2
LH:2
BRF:0
BRH:0
end_of_record
TN:
SF:src/utils/logger.js
FN:8,(anonymous_0)
FNF:1
FNH:0
FNDA:0,(anonymous_0)
DA:1,2
DA:4,2
DA:9,0
DA:17,2
LF:4
LH:3
BRF:0
BRH:0
end_of_record
